<?xml version="1.0" encoding="UTF-8"?>
<!-- Generated by org.testng.reporters.JUnitXMLReporter -->
<testsuite hostname="LAPTOP-QHVUHL2M" ignored="0" name="Test2" tests="1" failures="0" timestamp="2020-10-31T16:22:57 IST" time="0.011" errors="0">
  <testcase name="@BeforeClass set" time="-1.604141577243E9" classname="First.Second.CB">
    <failure type="org.testng.TestNGException" message="
Parameter &amp;apos;browser&amp;apos; is required by BeforeClass on method set but has not been marked @Optional or defined
in C:\Users\jeevan kumar\eclipse-workspace\Propertiesfile\testng1.xml">
      <![CDATA[org.testng.TestNGException: 
Parameter 'browser' is required by BeforeClass on method set but has not been marked @Optional or defined
in C:\Users\jeevan kumar\eclipse-workspace\Propertiesfile\testng1.xml
at java.util.ArrayList.forEach(ArrayList.java:1257)
... Removed 22 stack frames]]>
    </failure>
  </testcase> <!-- @BeforeClass set -->
  <testcase name="run" time="0.0" classname="First.Second.CB">
    <skipped/>
  </testcase> <!-- run -->
</testsuite> <!-- Test2 -->
